Using pre-set license
Built from '2020.3/staging' branch; Version is '2020.3.0f1 (c7b5465681fb) revision 13088070'; Using compiler version '192528614'; Build Type 'Release'
OS: 'Windows 10 Home Single Language; OS build 19042.870; Version 2009; 64bit' Language: 'en' Physical Memory: 8045 MB
BatchMode: 1, IsHumanControllingUs: 0, StartBugReporterOnCrash: 0, Is64bit: 1, IsPro: 0

 COMMAND LINE ARGUMENTS:
D:\UNITY\2020.3.0f1\Editor\Unity.exe
-adb2
-batchMode
-noUpm
-name
AssetImportWorker0
-projectPath
G:/Unity/-SEProject-CoTyPhu/CoTyPhu_Prototype
-logFile
Logs/AssetImportWorker0.log
-srvPort
56520
Successfully changed project path to: G:/Unity/-SEProject-CoTyPhu/CoTyPhu_Prototype
G:/Unity/-SEProject-CoTyPhu/CoTyPhu_Prototype
Using Asset Import Pipeline V2.
Refreshing native plugins compatible for Editor in 27.27 ms, found 0 plugins.
Preloading 0 native plugins for Editor in 0.00 ms.
Initialize engine version: 2020.3.0f1 (c7b5465681fb)
[Subsystems] Discovering subsystems at path D:/UNITY/2020.3.0f1/Editor/Data/Resources/UnitySubsystems
[Subsystems] Discovering subsystems at path G:/Unity/-SEProject-CoTyPhu/CoTyPhu_Prototype/Assets
GfxDevice: creating device client; threaded=0
Direct3D:
    Version:  Direct3D 11.0 [level 11.1]
    Renderer: Intel(R) UHD Graphics 620 (ID=0x3ea0)
    Vendor:   
    VRAM:     4022 MB
    Driver:   27.20.100.9316
Initialize mono
Mono path[0] = 'D:/UNITY/2020.3.0f1/Editor/Data/Managed'
Mono path[1] = 'D:/UNITY/2020.3.0f1/Editor/Data/MonoBleedingEdge/lib/mono/unityjit'
Mono config path = 'D:/UNITY/2020.3.0f1/Editor/Data/MonoBleedingEdge/etc'
Using monoOptions --debugger-agent=transport=dt_socket,embedding=1,server=y,suspend=n,address=127.0.0.1:56092
Begin MonoManager ReloadAssembly
Registering precompiled unity dll's ...
Register platform support module: D:/UNITY/2020.3.0f1/Editor/Data/PlaybackEngines/WindowsStandaloneSupport/UnityEditor.WindowsStandalone.Extensions.dll
Registered in 0.001002 seconds.
Native extension for WindowsStandalone target not found
Refreshing native plugins compatible for Editor in 25.08 ms, found 0 plugins.
Preloading 0 native plugins for Editor in 0.00 ms.
Invoked RoslynAnalysisRunner static constructor.
RoslynAnalysisRunner will not be running.
RoslynAnalysisRunner has terminated.
Mono: successfully reloaded assembly
- Completed reload, in  1.460 seconds
Platform modules already initialized, skipping
Registering precompiled user dll's ...
Registered in 0.000487 seconds.
Begin MonoManager ReloadAssembly
Native extension for WindowsStandalone target not found
Refreshing native plugins compatible for Editor in 0.20 ms, found 0 plugins.
Preloading 0 native plugins for Editor in 0.00 ms.
Invoked RoslynAnalysisRunner static constructor.
RoslynAnalysisRunner will not be running.
RoslynAnalysisRunner has terminated.
Mono: successfully reloaded assembly
- Completed reload, in  1.087 seconds
Platform modules already initialized, skipping
========================================================================
Worker process is ready to serve import requests
Launched and connected shader compiler UnityShaderCompiler.exe after 0.06 seconds
Refreshing native plugins compatible for Editor in 0.22 ms, found 0 plugins.
Preloading 0 native plugins for Editor in 0.00 ms.
Unloading 1113 Unused Serialized files (Serialized files now loaded: 0)
System memory in use before: 56.9 MB.
System memory in use after: 56.9 MB.

Unloading 10 unused Assets to reduce memory usage. Loaded Objects now: 1555.
Total: 2.334400 ms (FindLiveObjects: 0.414600 ms CreateObjectMapping: 0.082100 ms MarkObjects: 1.700000 ms  DeleteObjects: 0.136600 ms)

========================================================================
Received Import Request.
  path: Assets/Scenes
  artifactKey: Guid(9e37227cce2f39d46988b98b51d57362) Importer(815301076,1909f56bfc062723c751e8b465ee728b)
Start importing Assets/Scenes using Guid(9e37227cce2f39d46988b98b51d57362) Importer(815301076,1909f56bfc062723c751e8b465ee728b)  -> (artifact id: '9607ed7cd2dfa145a1b53040d7ec2c62') in 0.023841 seconds
  Import took 0.064858 seconds .

========================================================================
Received Import Request.
  Time since last request: 4.125437 seconds.
  path: Assets/Scenes/New Folder
  artifactKey: Guid(7927956b5b1b5014e8beddd99f18182e) Importer(815301076,1909f56bfc062723c751e8b465ee728b)
Start importing Assets/Scenes/New Folder using Guid(7927956b5b1b5014e8beddd99f18182e) Importer(815301076,1909f56bfc062723c751e8b465ee728b)  -> (artifact id: 'a4f61550526fb9a3844c0a51f0293f78') in 0.013827 seconds
  Import took 0.043479 seconds .

========================================================================
Received Import Request.
  Time since last request: 425.864557 seconds.
  path: Assets/New Folder
  artifactKey: Guid(c5e75f22a679ae64ea681c012b20fe08) Importer(815301076,1909f56bfc062723c751e8b465ee728b)
Start importing Assets/New Folder using Guid(c5e75f22a679ae64ea681c012b20fe08) Importer(815301076,1909f56bfc062723c751e8b465ee728b)  -> (artifact id: '14894fb62672ebf670d4cfe059317749') in 0.006359 seconds
  Import took 0.032353 seconds .

========================================================================
Received Import Request.
  Time since last request: 28.360657 seconds.
  path: Assets/Sprites
  artifactKey: Guid(c5e75f22a679ae64ea681c012b20fe08) Importer(815301076,1909f56bfc062723c751e8b465ee728b)
Start importing Assets/Sprites using Guid(c5e75f22a679ae64ea681c012b20fe08) Importer(815301076,1909f56bfc062723c751e8b465ee728b)  -> (artifact id: '32274ad39a73fa62ef350195e3a5e1e0') in 0.012812 seconds
  Import took 0.038300 seconds .

========================================================================
Received Import Request.
  Time since last request: 8.098836 seconds.
  path: Assets/Sprites/Board.png
  artifactKey: Guid(ababa2384f557c54b8bef211a56883f9) Importer(815301076,1909f56bfc062723c751e8b465ee728b)
Start importing Assets/Sprites/Board.png using Guid(ababa2384f557c54b8bef211a56883f9) Importer(815301076,1909f56bfc062723c751e8b465ee728b)  -> (artifact id: '7656a90f56edcaefbb7a5a616131f1c4') in 0.244652 seconds
  Import took 0.248243 seconds .

========================================================================
Received Import Request.
  Time since last request: 39.408457 seconds.
  path: Assets/Sprites/Board.png
  artifactKey: Guid(ababa2384f557c54b8bef211a56883f9) Importer(815301076,1909f56bfc062723c751e8b465ee728b)
Start importing Assets/Sprites/Board.png using Guid(ababa2384f557c54b8bef211a56883f9) Importer(815301076,1909f56bfc062723c751e8b465ee728b)  -> (artifact id: '03dc2a22dc0c244db0ae73e24625414c') in 0.478638 seconds
  Import took 0.501027 seconds .

========================================================================
Received Import Request.
  Time since last request: 34.149609 seconds.
  path: Assets/Sprites/Materials
  artifactKey: Guid(8a01a6348215ef1478c86e7cb80b7c1b) Importer(815301076,1909f56bfc062723c751e8b465ee728b)
Start importing Assets/Sprites/Materials using Guid(8a01a6348215ef1478c86e7cb80b7c1b) Importer(815301076,1909f56bfc062723c751e8b465ee728b)  -> (artifact id: '4a7a639e7860ed78ad0238638deadc3c') in 0.015916 seconds
  Import took 0.110070 seconds .

========================================================================
Received Import Request.
  Time since last request: 0.000355 seconds.
  path: Assets/Sprites/Materials/Board.mat
  artifactKey: Guid(72f26b9342d812b44bd5d7c19f2299cc) Importer(815301076,1909f56bfc062723c751e8b465ee728b)
Start importing Assets/Sprites/Materials/Board.mat using Guid(72f26b9342d812b44bd5d7c19f2299cc) Importer(815301076,1909f56bfc062723c751e8b465ee728b) Error assigning 3D texture to 2D texture property '_MainTex': Dimensions must match
UnityEngine.StackTraceUtility:ExtractStackTrace ()
UnityEditor.PreviewRenderUtility:Render (bool,bool)
UnityEditor.MaterialEditor:DoRenderPreview (UnityEditor.PreviewRenderUtility,bool)
UnityEditor.MaterialEditor:RenderStaticPreview (string,UnityEngine.Object[],int,int)
UnityEditor.AssetPreviewUpdater:CreatePreviewForAsset (UnityEngine.Object,UnityEngine.Object[],string)

[C:\buildslave\unity\build\Runtime/Shaders/ShaderImpl/ShaderTextureProperty.h line 41]

 -> (artifact id: 'af6e84d2c9bd930c98f66990e88d7b5c') in 0.142884 seconds
  Import took 0.173803 seconds .

========================================================================
Received Import Request.
  Time since last request: 37.922307 seconds.
  path: Assets/Sprites/Board.png
  artifactKey: Guid(ababa2384f557c54b8bef211a56883f9) Importer(815301076,1909f56bfc062723c751e8b465ee728b)
Start importing Assets/Sprites/Board.png using Guid(ababa2384f557c54b8bef211a56883f9) Importer(815301076,1909f56bfc062723c751e8b465ee728b)  -> (artifact id: '3828c48528c2bc537943be3874906ac9') in 0.036177 seconds
  Import took 0.054688 seconds .

========================================================================
Received Import Request.
  Time since last request: 69.503737 seconds.
  path: Assets/Sprites/Materials/Board.mat
  artifactKey: Guid(72f26b9342d812b44bd5d7c19f2299cc) Importer(815301076,1909f56bfc062723c751e8b465ee728b)
Start importing Assets/Sprites/Materials/Board.mat using Guid(72f26b9342d812b44bd5d7c19f2299cc) Importer(815301076,1909f56bfc062723c751e8b465ee728b)  -> (artifact id: 'f63b0f99a39f5a12bde8b1a8efd7a409') in 0.052883 seconds
  Import took 0.056673 seconds .

========================================================================
Received Import Request.
  Time since last request: 522.177426 seconds.
  path: Assets/Sprites/Board.png
  artifactKey: Guid(ababa2384f557c54b8bef211a56883f9) Importer(815301076,1909f56bfc062723c751e8b465ee728b)
Start importing Assets/Sprites/Board.png using Guid(ababa2384f557c54b8bef211a56883f9) Importer(815301076,1909f56bfc062723c751e8b465ee728b)  -> (artifact id: '3cb84f18b5e58d89bba8ba37bbef1e9c') in 0.055561 seconds
  Import took 0.094154 seconds .

========================================================================
Received Prepare
Registering precompiled user dll's ...
Registered in 0.000585 seconds.
Begin MonoManager ReloadAssembly
Native extension for WindowsStandalone target not found
Refreshing native plugins compatible for Editor in 0.21 ms, found 0 plugins.
Preloading 0 native plugins for Editor in 0.00 ms.
Invoked RoslynAnalysisRunner static constructor.
RoslynAnalysisRunner will not be running.
RoslynAnalysisRunner has terminated.
Mono: successfully reloaded assembly
- Completed reload, in  0.888 seconds
Platform modules already initialized, skipping
Refreshing native plugins compatible for Editor in 0.23 ms, found 0 plugins.
Preloading 0 native plugins for Editor in 0.00 ms.
Unloading 1108 Unused Serialized files (Serialized files now loaded: 0)
System memory in use before: 60.4 MB.
System memory in use after: 60.5 MB.

Unloading 5 unused Assets to reduce memory usage. Loaded Objects now: 1604.
Total: 3.277800 ms (FindLiveObjects: 0.251100 ms CreateObjectMapping: 0.053400 ms MarkObjects: 2.908700 ms  DeleteObjects: 0.062500 ms)

========================================================================
Received Import Request.
  Time since last request: 122.025392 seconds.
  path: Assets/Sprites/Board.png
  artifactKey: Guid(ababa2384f557c54b8bef211a56883f9) Importer(815301076,1909f56bfc062723c751e8b465ee728b)
Start importing Assets/Sprites/Board.png using Guid(ababa2384f557c54b8bef211a56883f9) Importer(815301076,1909f56bfc062723c751e8b465ee728b)  -> (artifact id: '77391770c3996cb3c3ba30507ec372e8') in 0.074105 seconds
  Import took 0.079630 seconds .

========================================================================
Received Prepare
Registering precompiled user dll's ...
Registered in 0.000700 seconds.
Begin MonoManager ReloadAssembly
Native extension for WindowsStandalone target not found
Refreshing native plugins compatible for Editor in 0.34 ms, found 0 plugins.
Preloading 0 native plugins for Editor in 0.00 ms.
Invoked RoslynAnalysisRunner static constructor.
RoslynAnalysisRunner will not be running.
RoslynAnalysisRunner has terminated.
Mono: successfully reloaded assembly
- Completed reload, in  0.866 seconds
Platform modules already initialized, skipping
Refreshing native plugins compatible for Editor in 0.34 ms, found 0 plugins.
Preloading 0 native plugins for Editor in 0.00 ms.
Unloading 1108 Unused Serialized files (Serialized files now loaded: 0)
System memory in use before: 60.4 MB.
System memory in use after: 60.5 MB.

Unloading 5 unused Assets to reduce memory usage. Loaded Objects now: 1607.
Total: 2.551300 ms (FindLiveObjects: 0.246700 ms CreateObjectMapping: 0.133100 ms MarkObjects: 2.063800 ms  DeleteObjects: 0.105700 ms)

========================================================================
Received Prepare
Registering precompiled user dll's ...
Registered in 0.000510 seconds.
Begin MonoManager ReloadAssembly
Native extension for WindowsStandalone target not found
Refreshing native plugins compatible for Editor in 0.48 ms, found 0 plugins.
Preloading 0 native plugins for Editor in 0.00 ms.
Invoked RoslynAnalysisRunner static constructor.
RoslynAnalysisRunner will not be running.
RoslynAnalysisRunner has terminated.
Mono: successfully reloaded assembly
- Completed reload, in  0.894 seconds
Platform modules already initialized, skipping
Refreshing native plugins compatible for Editor in 0.20 ms, found 0 plugins.
Preloading 0 native plugins for Editor in 0.00 ms.
Unloading 1108 Unused Serialized files (Serialized files now loaded: 0)
System memory in use before: 60.4 MB.
System memory in use after: 60.5 MB.

Unloading 5 unused Assets to reduce memory usage. Loaded Objects now: 1610.
Total: 2.827200 ms (FindLiveObjects: 0.317600 ms CreateObjectMapping: 0.125900 ms MarkObjects: 2.288000 ms  DeleteObjects: 0.094500 ms)

========================================================================
Received Import Request.
  Time since last request: 507.944226 seconds.
  path: Assets/Sprites/Board.png
  artifactKey: Guid(ababa2384f557c54b8bef211a56883f9) Importer(815301076,1909f56bfc062723c751e8b465ee728b)
Start importing Assets/Sprites/Board.png using Guid(ababa2384f557c54b8bef211a56883f9) Importer(815301076,1909f56bfc062723c751e8b465ee728b)  -> (artifact id: 'c087722cbcbcec5df47c09d8e70fc5ad') in 0.080039 seconds
  Import took 0.094543 seconds .

========================================================================
Received Import Request.
  Time since last request: 9.824861 seconds.
  path: Assets/Sprites/Board.png
  artifactKey: Guid(ababa2384f557c54b8bef211a56883f9) Importer(815301076,1909f56bfc062723c751e8b465ee728b)
Start importing Assets/Sprites/Board.png using Guid(ababa2384f557c54b8bef211a56883f9) Importer(815301076,1909f56bfc062723c751e8b465ee728b)  -> (artifact id: 'b161c6f0251041479ff703b786f94232') in 0.040442 seconds
  Import took 0.046914 seconds .

========================================================================
Received Import Request.
  Time since last request: 16.682532 seconds.
  path: Assets/Sprites/Board.png
  artifactKey: Guid(ababa2384f557c54b8bef211a56883f9) Importer(815301076,1909f56bfc062723c751e8b465ee728b)
Start importing Assets/Sprites/Board.png using Guid(ababa2384f557c54b8bef211a56883f9) Importer(815301076,1909f56bfc062723c751e8b465ee728b)  -> (artifact id: 'ceca9812b28e80cca775f9378b5f99ac') in 0.035102 seconds
  Import took 0.057703 seconds .

